Archive Project report for DodgeBall
Sun Mar 14 13:47:33 2021
Quartus Prime Version 16.1.2 Build 203 01/18/2017 SJ Lite Edition


---------------------
; Table of Contents ;
---------------------
  1. Legal Notice
  2. Archive Project Summary
  3. Archive Project Messages
  4. Files Archived



----------------
; Legal Notice ;
----------------
Copyright (C) 2017  Intel Corporation. All rights reserved.
Your use of Intel Corporation's design tools, logic functions 
and other software and tools, and its AMPP partner logic 
functions, and any output files from any of the foregoing 
(including device programming or simulation files), and any 
associated documentation or information are expressly subject 
to the terms and conditions of the Intel Program License 
Subscription Agreement, the Intel Quartus Prime License Agreement,
the Intel MegaCore Function License Agreement, or other 
applicable license agreement, including, without limitation, 
that your use is for the sole purpose of programming logic 
devices manufactured by Intel and sold by Intel or its 
authorized distributors.  Please refer to the applicable 
agreement for further details.



+----------------------------------------------------------------+
; Archive Project Summary                                        ;
+------------------------+---------------------------------------+
; Archive Project Status ; Successful - Sun Mar 14 13:47:33 2021 ;
; Revision Name          ; DodgeBall                             ;
; Top-level Entity Name  ; DodgeBall                             ;
; Family                 ; MAX 10                                ;
+------------------------+---------------------------------------+


+--------------------------+
; Archive Project Messages ;
+--------------------------+
Info: File Set 'Source control' contains:
    Info: Project source and settings files
    Info: Automatically detected source files
Info: Archive will store files relative to the closest common parent directory
Info (13213): Using common directory /home/brian/Projects/x/DodgeBall/
Info: ----------------------------------------------------------
Info: ----------------------------------------------------------
Info: Generated archive '/home/brian/Projects/x/DodgeBall/QuartusFiles/DodgeBall.qar'
Info: ----------------------------------------------------------
Info: ----------------------------------------------------------
Info: Generated report 'DodgeBall.archive.rpt'
Info (23030): Evaluation of Tcl script /home/brian/intelFPGA_lite/16.1/quartus/common/tcl/apps/qpm/qar.tcl was successful
Info: Quartus Prime Shell was successful. 0 errors, 0 warnings
    Info: Peak virtual memory: 1039 megabytes
    Info: Processing ended: Sun Mar 14 13:47:33 2021
    Info: Elapsed time: 00:00:01
    Info: Total CPU time (on all processors): 00:00:01


+-------------------------------------------------------------------------+
; Files Archived                                                          ;
+-------------------------------------------------------------------------+
; File Name                                                               ;
+-------------------------------------------------------------------------+
; ../display.vhdl                                                         ;
; ../DodgeBall.v                                                          ;
; ../enemy.vhdl                                                           ;
; ../gameclock.vhdl                                                       ;
; ../hittest.vhdl                                                         ;
; ../inputcontroller.vhdl                                                 ;
; ../leddriver.vhdl                                                       ;
; ../player.vhdl                                                          ;
; ../randomizer.vhdl                                                      ;
; ../sillygame.vhdl                                                       ;
; ../sillygamepack.vhdl                                                   ;
; /home/brian/intelFPGA_lite/16.1/quartus/linux64/assignment_defaults.qdf ;
; /home/brian/Projects/x/DodgeBall/display.vhdl                           ;
; /home/brian/Projects/x/DodgeBall/DodgeBall.v                            ;
; /home/brian/Projects/x/DodgeBall/enemy.vhdl                             ;
; /home/brian/Projects/x/DodgeBall/gameclock.vhdl                         ;
; /home/brian/Projects/x/DodgeBall/hittest.vhdl                           ;
; /home/brian/Projects/x/DodgeBall/inputcontroller.vhdl                   ;
; /home/brian/Projects/x/DodgeBall/leddriver.vhdl                         ;
; /home/brian/Projects/x/DodgeBall/player.vhdl                            ;
; /home/brian/Projects/x/DodgeBall/randomizer.vhdl                        ;
; /home/brian/Projects/x/DodgeBall/sillygame.vhdl                         ;
; /home/brian/Projects/x/DodgeBall/sillygamepack.vhdl                     ;
; DodgeBall.qpf                                                           ;
; DodgeBall.qsf                                                           ;
; DodgeBall.sdc                                                           ;
+-------------------------------------------------------------------------+


